2020-11-30 13:36:22.866  INFO 7644 --- [restartedMain] c.z.e.EventManagementApplication         : Starting EventManagementApplication using Java 14.0.1 on Akashs-MacBook-Pro.local with PID 7644 (/Users/khandelia/Spring/Zycus_Vishal/EventManagement/target/classes started by khandelia in /Users/khandelia/Spring/Zycus_Vishal/EventManagement)
2020-11-30 13:36:22.870  INFO 7644 --- [restartedMain] c.z.e.EventManagementApplication         : No active profile set, falling back to default profiles: default
2020-11-30 13:36:22.940  INFO 7644 --- [restartedMain] .e.DevToolsPropertyDefaultsPostProcessor : Devtools property defaults active! Set 'spring.devtools.add-properties' to 'false' to disable
2020-11-30 13:36:22.940  INFO 7644 --- [restartedMain] .e.DevToolsPropertyDefaultsPostProcessor : For additional web related logging consider setting the 'logging.level.web' property to 'DEBUG'
2020-11-30 13:36:23.811  INFO 7644 --- [restartedMain] .s.d.r.c.RepositoryConfigurationDelegate : Bootstrapping Spring Data JPA repositories in DEFERRED mode.
2020-11-30 13:36:23.880  INFO 7644 --- [restartedMain] .s.d.r.c.RepositoryConfigurationDelegate : Finished Spring Data repository scanning in 57 ms. Found 4 JPA repository interfaces.
2020-11-30 13:36:24.521  INFO 7644 --- [restartedMain] o.s.b.w.embedded.tomcat.TomcatWebServer  : Tomcat initialized with port(s): 8080 (http)
2020-11-30 13:36:24.533  INFO 7644 --- [restartedMain] o.apache.catalina.core.StandardService   : Starting service [Tomcat]
2020-11-30 13:36:24.533  INFO 7644 --- [restartedMain] org.apache.catalina.core.StandardEngine  : Starting Servlet engine: [Apache Tomcat/9.0.39]
2020-11-30 13:36:24.615  INFO 7644 --- [restartedMain] o.a.c.c.C.[Tomcat].[localhost].[/]       : Initializing Spring embedded WebApplicationContext
2020-11-30 13:36:24.615  INFO 7644 --- [restartedMain] w.s.c.ServletWebServerApplicationContext : Root WebApplicationContext: initialization completed in 1674 ms
2020-11-30 13:36:24.770  INFO 7644 --- [restartedMain] o.s.s.concurrent.ThreadPoolTaskExecutor  : Initializing ExecutorService 'applicationTaskExecutor'
2020-11-30 13:36:24.818  INFO 7644 --- [task-1] o.hibernate.jpa.internal.util.LogHelper  : HHH000204: Processing PersistenceUnitInfo [name: default]
2020-11-30 13:36:24.879  INFO 7644 --- [restartedMain] com.zaxxer.hikari.HikariDataSource       : HikariPool-1 - Starting...
2020-11-30 13:36:24.923  INFO 7644 --- [task-1] org.hibernate.Version                    : HHH000412: Hibernate ORM core version 5.4.23.Final
2020-11-30 13:36:25.173  INFO 7644 --- [task-1] o.hibernate.annotations.common.Version   : HCANN000001: Hibernate Commons Annotations {5.1.2.Final}
2020-11-30 13:36:25.489  INFO 7644 --- [restartedMain] com.zaxxer.hikari.HikariDataSource       : HikariPool-1 - Start completed.
2020-11-30 13:36:25.519  INFO 7644 --- [task-1] org.hibernate.dialect.Dialect            : HHH000400: Using dialect: org.hibernate.dialect.MySQL5Dialect
2020-11-30 13:36:25.863  WARN 7644 --- [restartedMain] JpaBaseConfiguration$JpaWebConfiguration : spring.jpa.open-in-view is enabled by default. Therefore, database queries may be performed during view rendering. Explicitly configure spring.jpa.open-in-view to disable this warning
2020-11-30 13:36:26.415  INFO 7644 --- [restartedMain] o.s.b.d.a.OptionalLiveReloadServer       : LiveReload server is running on port 35729
2020-11-30 13:36:26.485  INFO 7644 --- [restartedMain] o.s.b.w.embedded.tomcat.TomcatWebServer  : Tomcat started on port(s): 8080 (http) with context path ''
2020-11-30 13:36:26.508  INFO 7644 --- [restartedMain] DeferredRepositoryInitializationListener : Triggering deferred initialization of Spring Data repositories…
2020-11-30 13:36:26.775  INFO 7644 --- [task-1] o.h.e.t.j.p.i.JtaPlatformInitiator       : HHH000490: Using JtaPlatform implementation: [org.hibernate.engine.transaction.jta.platform.internal.NoJtaPlatform]
2020-11-30 13:36:26.785  INFO 7644 --- [task-1] j.LocalContainerEntityManagerFactoryBean : Initialized JPA EntityManagerFactory for persistence unit 'default'
2020-11-30 13:36:27.134  INFO 7644 --- [restartedMain] DeferredRepositoryInitializationListener : Spring Data repositories initialized!
2020-11-30 13:36:27.150  INFO 7644 --- [restartedMain] s.a.ScheduledAnnotationBeanPostProcessor : No TaskScheduler/ScheduledExecutorService bean found for scheduled processing
2020-11-30 13:36:27.160  INFO 7644 --- [restartedMain] c.z.e.EventManagementApplication         : Started EventManagementApplication in 4.742 seconds (JVM running for 10.712)
2020-11-30 13:36:53.538  INFO 7644 --- [http-nio-8080-exec-1] o.a.c.c.C.[Tomcat].[localhost].[/]       : Initializing Spring DispatcherServlet 'dispatcherServlet'
2020-11-30 13:36:53.539  INFO 7644 --- [http-nio-8080-exec-1] o.s.web.servlet.DispatcherServlet        : Initializing Servlet 'dispatcherServlet'
2020-11-30 13:36:53.540  INFO 7644 --- [http-nio-8080-exec-1] o.s.web.servlet.DispatcherServlet        : Completed initialization in 1 ms
